Compilazione avviata 14/11/2011 19:01:38.
     1>Progetto "C:\Users\Nanni\Documents\Visual Studio 2010\Projects\Lua Player Plus\KernelFunctions\KernelFunctions.vcxproj" sul nodo 2 (destinazioni: rebuild).
     1>CoreClean:
         vsmake clean
         C:/pspsdk/bin/rm -f KernelFunctions.prx KernelFunctions.elf kernelfunctions.o main.o sceSyscon_driver.o PARAM.SFO EBOOT.PBP 
       Rebuild:
         vsmake clean && vsmake
         C:/pspsdk/bin/rm -f KernelFunctions.prx KernelFunctions.elf kernelfunctions.o main.o sceSyscon_driver.o PARAM.SFO EBOOT.PBP 
         psp-gcc -IC:/pspsdk/psp/sdk/include/libc -I. -IC:/pspsdk/psp/sdk/include -O2 -G0 -Wall -D_PSP_FW_VERSION=150   -c -o main.o main.c
         main.c: In function 'Read_eeprom':
     1>main.c(153): warning : passing argument 1 of 'sceSysconCmdExec' from incompatible pointer type
         main.c: In function 'Write_eeprom':
     1>main.c(169): warning : passing argument 1 of 'sceSysconCmdExec' from incompatible pointer type
         psp-gcc -I. -IC:/pspsdk/psp/sdk/include -O2 -G0 -Wall -I. -IC:/pspsdk/psp/sdk/include -O2 -G0 -Wall   -c -o sceSyscon_driver.o sceSyscon_driver.S
         psp-build-exports -b kernelfunctions.exp > kernelfunctions.c
         psp-gcc -IC:/pspsdk/psp/sdk/include/libc -I. -IC:/pspsdk/psp/sdk/include -O2 -G0 -Wall -D_PSP_FW_VERSION=150   -c -o kernelfunctions.o kernelfunctions.c
         psp-gcc -IC:/pspsdk/psp/sdk/include/libc -I. -IC:/pspsdk/psp/sdk/include -O2 -G0 -Wall -D_PSP_FW_VERSION=150  -L. -LC:/pspsdk/psp/sdk/lib -specs=C:/pspsdk/psp/sdk/lib/prxspecs -Wl,-q,-TC:/pspsdk/psp/sdk/lib/linkfile.prx -mno-crt0 -nostartfiles  main.o sceSyscon_driver.o kernelfunctions.o -lpspkubridge -lpspsystemctrl_user -lpspumd -lpspsystemctrl_kernel -lpspdebug -lpspdisplay_driver -lpspctrl_driver -lpspsdk  -lpspkernel -o KernelFunctions.elf
         psp-fixup-imports KernelFunctions.elf
         psp-prxgen KernelFunctions.elf KernelFunctions.prx
         rm kernelfunctions.c
     1>Compilazione progetto "C:\Users\Nanni\Documents\Visual Studio 2010\Projects\Lua Player Plus\KernelFunctions\KernelFunctions.vcxproj" (destinazioni: rebuild) completata.

Compilazione completata.

Tempo trascorso 00:00:07.73
