Compilazione avviata 14/11/2011 19:01:38.
     1>Progetto "C:\Users\Nanni\Documents\Visual Studio 2010\Projects\Lua Player Plus\Lua Player Plus\Lua Player Plus.vcxproj" sul nodo 3 (destinazioni: rebuild).
     1>CoreClean:
         vsmake clean
         C:/pspsdk/bin/rm -f LuaPlayerPlus.prx LuaPlayerPlus.elf LuaPlayer.o LuaGraphics.o LuaControls.o Lua3d.o LuaMath.o LuaAdhoc.o LuaWlan.o LuaTimer.o LuaSound.o LuaSystem.o LoadLib.o LuaZip.o LuaBattery.o kernelfunctions.o Archives.o sceMpeg.o Main.o PARAM.SFO EBOOT.PBP EBOOT.PBP
       Rebuild:
         vsmake clean && vsmake
         C:/pspsdk/bin/rm -f LuaPlayerPlus.prx LuaPlayerPlus.elf LuaPlayer.o LuaGraphics.o LuaControls.o Lua3d.o LuaMath.o LuaAdhoc.o LuaWlan.o LuaTimer.o LuaSound.o LuaSystem.o LoadLib.o LuaZip.o LuaBattery.o kernelfunctions.o Archives.o sceMpeg.o Main.o PARAM.SFO EBOOT.PBP EBOOT.PBP
         psp-g++ -I. -IC:/pspsdk/psp/sdk/include -O3 -frename-registers -ffast-math -fomit-frame-pointer -G0 -Wall -g -I. -IC:/pspsdk/psp/sdk/include -O3 -frename-registers -ffast-math -fomit-frame-pointer -G0 -Wall -g -fno-exceptions -fno-rtti -D_PSP_FW_VERSION=371   -c -o LuaPlayer.o LuaPlayer.cpp
         psp-g++ -I. -IC:/pspsdk/psp/sdk/include -O3 -frename-registers -ffast-math -fomit-frame-pointer -G0 -Wall -g -I. -IC:/pspsdk/psp/sdk/include -O3 -frename-registers -ffast-math -fomit-frame-pointer -G0 -Wall -g -fno-exceptions -fno-rtti -D_PSP_FW_VERSION=371   -c -o LuaGraphics.o LuaGraphics.cpp
         psp-g++ -I. -IC:/pspsdk/psp/sdk/include -O3 -frename-registers -ffast-math -fomit-frame-pointer -G0 -Wall -g -I. -IC:/pspsdk/psp/sdk/include -O3 -frename-registers -ffast-math -fomit-frame-pointer -G0 -Wall -g -fno-exceptions -fno-rtti -D_PSP_FW_VERSION=371   -c -o LuaControls.o LuaControls.cpp
         psp-g++ -I. -IC:/pspsdk/psp/sdk/include -O3 -frename-registers -ffast-math -fomit-frame-pointer -G0 -Wall -g -I. -IC:/pspsdk/psp/sdk/include -O3 -frename-registers -ffast-math -fomit-frame-pointer -G0 -Wall -g -fno-exceptions -fno-rtti -D_PSP_FW_VERSION=371   -c -o Lua3d.o Lua3d.cpp
         psp-g++ -I. -IC:/pspsdk/psp/sdk/include -O3 -frename-registers -ffast-math -fomit-frame-pointer -G0 -Wall -g -I. -IC:/pspsdk/psp/sdk/include -O3 -frename-registers -ffast-math -fomit-frame-pointer -G0 -Wall -g -fno-exceptions -fno-rtti -D_PSP_FW_VERSION=371   -c -o LuaMath.o LuaMath.cpp
         psp-g++ -I. -IC:/pspsdk/psp/sdk/include -O3 -frename-registers -ffast-math -fomit-frame-pointer -G0 -Wall -g -I. -IC:/pspsdk/psp/sdk/include -O3 -frename-registers -ffast-math -fomit-frame-pointer -G0 -Wall -g -fno-exceptions -fno-rtti -D_PSP_FW_VERSION=371   -c -o LuaAdhoc.o LuaAdhoc.cpp
         psp-g++ -I. -IC:/pspsdk/psp/sdk/include -O3 -frename-registers -ffast-math -fomit-frame-pointer -G0 -Wall -g -I. -IC:/pspsdk/psp/sdk/include -O3 -frename-registers -ffast-math -fomit-frame-pointer -G0 -Wall -g -fno-exceptions -fno-rtti -D_PSP_FW_VERSION=371   -c -o LuaWlan.o LuaWlan.cpp
         psp-g++ -I. -IC:/pspsdk/psp/sdk/include -O3 -frename-registers -ffast-math -fomit-frame-pointer -G0 -Wall -g -I. -IC:/pspsdk/psp/sdk/include -O3 -frename-registers -ffast-math -fomit-frame-pointer -G0 -Wall -g -fno-exceptions -fno-rtti -D_PSP_FW_VERSION=371   -c -o LuaTimer.o LuaTimer.cpp
         psp-g++ -I. -IC:/pspsdk/psp/sdk/include -O3 -frename-registers -ffast-math -fomit-frame-pointer -G0 -Wall -g -I. -IC:/pspsdk/psp/sdk/include -O3 -frename-registers -ffast-math -fomit-frame-pointer -G0 -Wall -g -fno-exceptions -fno-rtti -D_PSP_FW_VERSION=371   -c -o LuaSound.o LuaSound.cpp
         psp-g++ -I. -IC:/pspsdk/psp/sdk/include -O3 -frename-registers -ffast-math -fomit-frame-pointer -G0 -Wall -g -I. -IC:/pspsdk/psp/sdk/include -O3 -frename-registers -ffast-math -fomit-frame-pointer -G0 -Wall -g -fno-exceptions -fno-rtti -D_PSP_FW_VERSION=371   -c -o LuaSystem.o LuaSystem.cpp
         psp-gcc -I. -IC:/pspsdk/psp/sdk/include -O3 -frename-registers -ffast-math -fomit-frame-pointer -G0 -Wall -g -I. -IC:/pspsdk/psp/sdk/include -O3 -frename-registers -ffast-math -fomit-frame-pointer -G0 -Wall -g   -c -o LoadLib.o LoadLib.S
         psp-g++ -I. -IC:/pspsdk/psp/sdk/include -O3 -frename-registers -ffast-math -fomit-frame-pointer -G0 -Wall -g -I. -IC:/pspsdk/psp/sdk/include -O3 -frename-registers -ffast-math -fomit-frame-pointer -G0 -Wall -g -fno-exceptions -fno-rtti -D_PSP_FW_VERSION=371   -c -o LuaZip.o LuaZip.cpp
         psp-g++ -I. -IC:/pspsdk/psp/sdk/include -O3 -frename-registers -ffast-math -fomit-frame-pointer -G0 -Wall -g -I. -IC:/pspsdk/psp/sdk/include -O3 -frename-registers -ffast-math -fomit-frame-pointer -G0 -Wall -g -fno-exceptions -fno-rtti -D_PSP_FW_VERSION=371   -c -o LuaBattery.o LuaBattery.cpp
         psp-gcc -I. -IC:/pspsdk/psp/sdk/include -O3 -frename-registers -ffast-math -fomit-frame-pointer -G0 -Wall -g -I. -IC:/pspsdk/psp/sdk/include -O3 -frename-registers -ffast-math -fomit-frame-pointer -G0 -Wall -g   -c -o kernelfunctions.o kernelfunctions.S
         psp-gcc -I. -IC:/pspsdk/psp/sdk/include -O3 -frename-registers -ffast-math -fomit-frame-pointer -G0 -Wall -g -D_PSP_FW_VERSION=371   -c -o Archives.o Archives.c
         psp-gcc -I. -IC:/pspsdk/psp/sdk/include -O3 -frename-registers -ffast-math -fomit-frame-pointer -G0 -Wall -g -I. -IC:/pspsdk/psp/sdk/include -O3 -frename-registers -ffast-math -fomit-frame-pointer -G0 -Wall -g   -c -o sceMpeg.o sceMpeg.S
         psp-g++ -I. -IC:/pspsdk/psp/sdk/include -O3 -frename-registers -ffast-math -fomit-frame-pointer -G0 -Wall -g -I. -IC:/pspsdk/psp/sdk/include -O3 -frename-registers -ffast-math -fomit-frame-pointer -G0 -Wall -g -fno-exceptions -fno-rtti -D_PSP_FW_VERSION=371   -c -o Main.o Main.cpp
         psp-gcc -I. -IC:/pspsdk/psp/sdk/include -O3 -frename-registers -ffast-math -fomit-frame-pointer -G0 -Wall -g -D_PSP_FW_VERSION=371  -L. -LC:/pspsdk/psp/sdk/lib -specs=C:/pspsdk/psp/sdk/lib/prxspecs -Wl,-q,-TC:/pspsdk/psp/sdk/lib/linkfile.prx   LuaPlayer.o LuaGraphics.o LuaControls.o Lua3d.o LuaMath.o LuaAdhoc.o LuaWlan.o LuaTimer.o LuaSound.o LuaSystem.o LoadLib.o LuaZip.o LuaBattery.o kernelfunctions.o Archives.o sceMpeg.o Main.o C:/pspsdk/psp/sdk/lib/prxexports.o -lpsphbc -losl -lpspusbdevice -lpspkubridge -lmikmod -lmmio -ljpeg -lpng -lUnrar -lz -llua -lpspgum -lpspsdk -lpspctrl -lpspumd -lpsprtc -lpsppower -lpspgu -lpspaudiolib -lpspaudio -lm -lpspmpeg -lpspaudiocodec -lfreetype -lpsprtc -lz -lstdc++ -lpspmp3 -lmad -lvorbisidec -lpspatrac3 -lpspusb -lpspusbstor -lpsphttp -lpspssl -lpspwlan -lpspnet_adhocmatching -lpspnet_adhoc -lpspnet_adhocctl -lpsputility -lcurl -lpsphprm_driver -lpspsystemctrl_user -lpspumd -lpspsystemctrl_kernel -lpspaudio_driver -lpspopenpsid -lmp4ff -lpspmpegbase -lglut -lGLU -lGL -lpsphprm -lpspgum_vfpu -lpspvfpu -lpspmath -lpspdebug -lpspdisplay -lpspge -lpspctrl -lpspsdk -lc -lpspnet -lpspnet_inet -lpspnet_apctl -lpspnet_resolver -lpsputility -lpspuser -lpspkernel -o LuaPlayerPlus.elf
         c:/pspsdk/bin/../lib/gcc/psp/4.3.5/../../../../psp/bin/ld.exe: skipping incompatible C:/pspsdk/psp/sdk/lib\liblua.a when searching for -llua
         psp-fixup-imports LuaPlayerPlus.elf
         psp-prxgen LuaPlayerPlus.elf LuaPlayerPlus.prx
         mksfoex -d MEMSIZE=1 'Lua Player Plus' PARAM.SFO
         pack-pbp EBOOT.PBP PARAM.SFO EBOOT/ICON0.PNG  \
         	NULL NULL NULL  \
         	NULL  LuaPlayerPlus.prx NULL
         [0]        320 bytes | PARAM.SFO
         [1]      11412 bytes | EBOOT/ICON0.PNG
         [2]          0 bytes | NULL
         [3]          0 bytes | NULL
         [4]          0 bytes | NULL
         [5]          0 bytes | NULL
         [6]    1627670 bytes | LuaPlayerPlus.prx
         [7]          0 bytes | NULL
     1>Compilazione progetto "C:\Users\Nanni\Documents\Visual Studio 2010\Projects\Lua Player Plus\Lua Player Plus\Lua Player Plus.vcxproj" (destinazioni: rebuild) completata.

Compilazione completata.

Tempo trascorso 00:00:22.88
